0 info it worked if it ends with ok
1 verbose cli [ '/usr/local/bin/node', '/usr/local/bin/npm', 'publish', './' ]
2 info using npm@2.5.1
3 info using node@v0.12.1
4 verbose publish [ './' ]
5 silly cache add args [ './', null ]
6 verbose cache add spec ./
7 silly cache add parsed spec { raw: './',
7 silly cache add   scope: null,
7 silly cache add   name: null,
7 silly cache add   rawSpec: './',
7 silly cache add   spec: '/Users/alchemist/Projects/_projects/node/gulp-aws-lambda',
7 silly cache add   type: 'directory' }
8 verbose addLocalDirectory /Users/alchemist/.npm/gulp-starter-kit/1.0.1/package.tgz not in flight; packing
9 verbose tar pack [ '/Users/alchemist/.npm/gulp-starter-kit/1.0.1/package.tgz',
9 verbose tar pack   '/Users/alchemist/Projects/_projects/node/gulp-aws-lambda' ]
10 verbose tarball /Users/alchemist/.npm/gulp-starter-kit/1.0.1/package.tgz
11 verbose folder /Users/alchemist/Projects/_projects/node/gulp-aws-lambda
12 info prepublish gulp-starter-kit@1.0.1
13 verbose addLocalTarball adding from inside cache /Users/alchemist/.npm/gulp-starter-kit/1.0.1/package.tgz
14 silly cache afterAdd gulp-starter-kit@1.0.1
15 verbose afterAdd /Users/alchemist/.npm/gulp-starter-kit/1.0.1/package/package.json not in flight; writing
16 verbose afterAdd /Users/alchemist/.npm/gulp-starter-kit/1.0.1/package/package.json written
17 silly publish { name: 'gulp-starter-kit',
17 silly publish   version: '1.0.1',
17 silly publish   description: 'A starter kit for creating a Gulp plugin',
17 silly publish   main: 'dist/index.js',
17 silly publish   scripts: { test: 'echo "Error: no test specified" && exit 1' },
17 silly publish   homepage: 'https://github.com/ralphcrisostomo/gulp-starter-kit',
17 silly publish   author:
17 silly publish    { name: 'Ralph Crisostomo',
17 silly publish      email: 'rrecrisostomo@gmail.com',
17 silly publish      url: 'http://ralphcrisostomo.net/' },
17 silly publish   repository:
17 silly publish    { type: 'git',
17 silly publish      url: 'git://github.com/ralphcrisostomo/gulp-starter-kit.git' },
17 silly publish   bugs: { url: 'https://github.com/ralphcrisostomo/grunt-starter-kit/issues' },
17 silly publish   engines: { node: '>= 0.8.0' },
17 silly publish   keywords: [ 'gulp', 'javascript', 'plugin', 'starter-kit' ],
17 silly publish   license: 'ISC',
17 silly publish   devDependencies:
17 silly publish    { chai: '^3.5.0',
17 silly publish      'coffee-script': '^1.10.0',
17 silly publish      gulp: '^3.9.1',
17 silly publish      'gulp-bump': '0.3.1',
17 silly publish      'gulp-clean': '^0.3.2',
17 silly publish      'gulp-coffee': '^2.3.2',
17 silly publish      'gulp-coffeelint': '^0.6.0',
17 silly publish      'gulp-conventional-changelog': '0.4.0',
17 silly publish      'gulp-mocha': '^2.2.0',
17 silly publish      'gulp-uglify': '^1.5.3',
17 silly publish      inquirer: '0.8.5',
17 silly publish      'require-dir': '^0.3.0',
17 silly publish      'run-sequence': '^1.1.5' },
17 silly publish   dependencies: { lodash: '^4.8.2', through2: '^2.0.1' },
17 silly publish   readme: '# gulp-aws-lambda\nBy Ralph Crisostomo - 2016/04/05\n\n## WARNING\nCurrently under development! Do not use yet.\n\n## Description\nA Gulp plugin for AWS Lambda deployment.\n\n## Install\n```bash\nnpm install --save-dev gulp-aws-lambda\n```\n\n',
17 silly publish   readmeFilename: 'README.md',
17 silly publish   gitHead: '1a1f12d82ec2cb709e54ba75b653498ef67a02b1',
17 silly publish   _id: 'gulp-starter-kit@1.0.1',
17 silly publish   _shasum: '26cf1d10dcf519cadf26a1c9944396d07158b9e4',
17 silly publish   _from: '.' }
18 silly mapToRegistry name gulp-starter-kit
19 silly mapToRegistry using default registry
20 silly mapToRegistry registry https://registry.npmjs.org/
21 silly mapToRegistry uri https://registry.npmjs.org/gulp-starter-kit
22 verbose publish registryBase https://registry.npmjs.org/
23 silly publish uploading /Users/alchemist/.npm/gulp-starter-kit/1.0.1/package.tgz
24 verbose request uri https://registry.npmjs.org/gulp-starter-kit
25 verbose request sending authorization for write operation
26 info attempt registry request try #1 at 9:34:35 AM
27 verbose request using bearer token for auth
28 verbose request id 441ac908e9603101
29 http request PUT https://registry.npmjs.org/gulp-starter-kit
30 http 403 https://registry.npmjs.org/gulp-starter-kit
31 verbose headers { 'content-type': 'application/json',
31 verbose headers   'cache-control': 'max-age=300',
31 verbose headers   'content-length': '108',
31 verbose headers   'accept-ranges': 'bytes',
31 verbose headers   date: 'Wed, 06 Apr 2016 01:34:35 GMT',
31 verbose headers   via: '1.1 varnish',
31 verbose headers   connection: 'keep-alive',
31 verbose headers   'x-served-by': 'cache-sjc3132-SJC',
31 verbose headers   'x-cache': 'MISS',
31 verbose headers   'x-cache-hits': '0',
31 verbose headers   'x-timer': 'S1459906475.274614,VS0,VE324' }
32 verbose request invalidating /Users/alchemist/.npm/registry.npmjs.org/gulp-starter-kit on PUT
33 error publish Failed PUT 403
34 verbose stack Error: You do not have permission to publish 'gulp-starter-kit'. Are you logged in as the correct user? : gulp-starter-kit
34 verbose stack     at CachingRegistryClient.<anonymous> (/usr/local/lib/node_modules/npm/node_modules/npm-registry-client/lib/request.js:254:14)
34 verbose stack     at Request._callback (/usr/local/lib/node_modules/npm/node_modules/npm-registry-client/lib/request.js:178:14)
34 verbose stack     at Request.self.callback (/usr/local/lib/node_modules/npm/node_modules/request/request.js:344:22)
34 verbose stack     at Request.emit (events.js:110:17)
34 verbose stack     at Request.<anonymous> (/usr/local/lib/node_modules/npm/node_modules/request/request.js:1239:14)
34 verbose stack     at Request.emit (events.js:129:20)
34 verbose stack     at IncomingMessage.<anonymous> (/usr/local/lib/node_modules/npm/node_modules/request/request.js:1187:12)
34 verbose stack     at IncomingMessage.emit (events.js:129:20)
34 verbose stack     at _stream_readable.js:908:16
34 verbose stack     at process._tickCallback (node.js:355:11)
35 verbose statusCode 403
36 verbose pkgid gulp-starter-kit
37 verbose cwd /Users/alchemist/Projects/_projects/node/gulp-aws-lambda
38 error Darwin 15.2.0
39 error argv "/usr/local/bin/node" "/usr/local/bin/npm" "publish" "./"
40 error node v0.12.1
41 error npm  v2.5.1
42 error code E403
43 error You do not have permission to publish 'gulp-starter-kit'. Are you logged in as the correct user? : gulp-starter-kit
44 error If you need help, you may report this error at:
44 error     <http://github.com/npm/npm/issues>
45 verbose exit [ 1, true ]
